<?xml version="1.0" encoding="UTF-8"?>
<robot generator="Robot 7.2.2 (Python 3.11.9 on win32)" generated="2025-04-10T16:34:15.839964" rpa="false" schemaversion="5">
<suite id="s1" name="Serve-Rest-Front" source="c:\Users\jessica.oliveira\OneDrive - Compass UOL\Documentos\Robot\Testes_com_playwright\tests\serve-rest-front.robot">
<test id="s1-t1" name="Cadastrar novo usuário" line="10">
<kw name="Abrir o navegador" owner="serve-rest-front">
<kw name="New Browser" owner="Browser">
<msg time="2025-04-10T16:34:16.505001" level="INFO">{"browser": "chromium", "headless": false, "chromiumSandbox": false, "devtools": false, "handleSIGHUP": true, "handleSIGINT": true, "handleSIGTERM": true, "slowMo": 0.0, "timeout": 30000.0, "tracesDir": "C:\\Users\\jessica.oliveira\\OneDrive - Compass UOL\\Documentos\\Robot\\Testes_com_playwright\\browser\\traces\\0b22ab42-722d-4529-a83d-ea8f9d0379c0"}</msg>
<msg time="2025-04-10T16:34:16.557341" level="INFO">Starting Browser process C:\Users\jessica.oliveira\AppData\Local\Programs\Python\Python311\Lib\site-packages\Browser\wrapper\index.js using port 51134</msg>
<msg time="2025-04-10T16:34:16.557341" level="INFO">Node startup parameters: ['node', 'C:\\Users\\jessica.oliveira\\AppData\\Local\\Programs\\Python\\Python311\\Lib\\site-packages\\Browser\\wrapper\\index.js', '51134']</msg>
<msg time="2025-04-10T16:34:17.447222" level="INFO">Successfully created browser with options: {"browser":"chromium","headless":false,"chromiumSandbox":false,"devtools":false,"handleSIGHUP":true,"handleSIGINT":true,"handleSIGTERM":true,"slowMo":0,"timeout":30000,"tracesDir":"C:\\Users\\jessica.oliveira\\OneDrive - Compass UOL\\Documentos\\Robot\\Testes_com_playwright\\browser\\traces\\0b22ab42-722d-4529-a83d-ea8f9d0379c0"}</msg>
<arg>browser=${BROWSER}</arg>
<arg>headless=${HEADLESS}</arg>
<tag>BrowserControl</tag>
<tag>Setter</tag>
<doc>Create a new playwright Browser with specified options.</doc>
<status status="PASS" start="2025-04-10T16:34:16.503003" elapsed="0.945220"/>
</kw>
<kw name="New Context" owner="Browser">
<msg time="2025-04-10T16:34:17.451224" level="INFO">{
  "acceptDownloads": true,
  "bypassCSP": false,
  "forcedColors": "none",
  "ignoreHTTPSErrors": false,
  "javaScriptEnabled": true,
  "offline": false,
  "reducedMotion": "no-preference",
  "serviceWorkers": "allow",
  "viewport": {
    "height": 900,
    "width": 1800
  }
}</msg>
<msg time="2025-04-10T16:34:17.475841" level="INFO">Successfully created context. </msg>
<msg time="2025-04-10T16:34:17.475841" level="INFO">{'acceptDownloads': True, 'bypassCSP': False, 'forcedColors': 'none', 'ignoreHTTPSErrors': False, 'javaScriptEnabled': True, 'offline': False, 'reducedMotion': 'no-preference', 'serviceWorkers': 'allow', 'viewport': {'height': 900, 'width': 1800}}</msg>
<arg>viewport={"width": ${WIDTH}, "height": ${HEIGHT}}</arg>
<tag>BrowserControl</tag>
<tag>Setter</tag>
<doc>Create a new BrowserContext with specified options.</doc>
<status status="PASS" start="2025-04-10T16:34:17.449224" elapsed="0.026617"/>
</kw>
<status status="PASS" start="2025-04-10T16:34:16.503003" elapsed="0.972838"/>
</kw>
<kw name="Ir para o site Serve Rest Front" owner="serve-rest-front">
<kw name="New Page" owner="Browser">
<msg time="2025-04-10T16:34:20.594498" level="INFO">Successfully initialized new page object and opened url: https://front.serverest.dev</msg>
<arg>url=${SITE_SERVE_REST}</arg>
<tag>BrowserControl</tag>
<tag>Setter</tag>
<doc>Open a new Page.</doc>
<status status="PASS" start="2025-04-10T16:34:17.477841" elapsed="3.117654"/>
</kw>
<kw name="Get Title" owner="Browser">
<msg time="2025-04-10T16:34:20.610270" level="INFO">Title: 'Front - ServeRest'</msg>
<msg time="2025-04-10T16:34:20.610270" level="INFO">${title} = Front - ServeRest</msg>
<var>${title}</var>
<arg>==</arg>
<arg>Front - ServeRest</arg>
<tag>Assertion</tag>
<tag>Getter</tag>
<tag>PageContent</tag>
<doc>Returns the title of the current page.</doc>
<status status="PASS" start="2025-04-10T16:34:20.595495" elapsed="0.014775"/>
</kw>
<kw name="Log" owner="BuiltIn">
<msg time="2025-04-10T16:34:20.610270" level="INFO">Front - ServeRest</msg>
<arg>${title}</arg>
<doc>Logs the given message with the given level.</doc>
<status status="PASS" start="2025-04-10T16:34:20.610270" elapsed="0.001011"/>
</kw>
<status status="PASS" start="2025-04-10T16:34:17.476841" elapsed="3.134440"/>
</kw>
<kw name="Criar usuário via API" owner="serve-rest-front">
<kw name="Email" owner="FakerLibrary">
<msg time="2025-04-10T16:34:20.614098" level="INFO">${EMAIL} = jowens@example.org</msg>
<var>${EMAIL}</var>
<status status="PASS" start="2025-04-10T16:34:20.612569" elapsed="0.001529"/>
</kw>
<kw name="Set Test Variable" owner="BuiltIn">
<msg time="2025-04-10T16:34:20.615625" level="INFO">${EMAIL} = jowens@example.org</msg>
<arg>${EMAIL}</arg>
<doc>Makes a variable available everywhere within the scope of the current test.</doc>
<status status="PASS" start="2025-04-10T16:34:20.614610" elapsed="0.001524"/>
</kw>
<kw name="Http" owner="Browser">
<msg time="2025-04-10T16:34:21.237000" level="INFO">{'status': 201, 'body': {'message': 'Cadastro realizado com sucesso', '_id': 'Dfa5AMdtVps3SKOz'}, 'headers': {'content-length': '82', 'content-type': 'application/json; charset=utf-8'}, 'type': 'cors', 'statusText': 'Created', 'url': 'https://serverest.dev/usuarios', 'ok': True, 'redirected': False}</msg>
<msg time="2025-04-10T16:34:21.237000" level="INFO">${resposta} = {'status': 201, 'body': {'message': 'Cadastro realizado com sucesso', '_id': 'Dfa5AMdtVps3SKOz'}, 'headers': {'content-length': '82', 'content-type': 'application/json; charset=utf-8'}, 'type': 'cors'...</msg>
<var>${resposta}</var>
<arg>url=https://serverest.dev/usuarios</arg>
<arg>method=POST</arg>
<arg>body={ "nome": "Jessica Elisa", "email": "${EMAIL}", "password": "54321", "administrador": "true"}</arg>
<tag>HTTP</tag>
<doc>Performs an HTTP request in the current browser context</doc>
<status status="PASS" start="2025-04-10T16:34:20.616134" elapsed="0.620866"/>
</kw>
<status status="PASS" start="2025-04-10T16:34:20.611281" elapsed="0.626718"/>
</kw>
<kw name="Logar com o usuário cadastrado via API" owner="serve-rest-front">
<kw name="Http" owner="Browser">
<msg time="2025-04-10T16:34:21.681213" level="INFO">{'status': 200, 'body': {'message': 'Login realizado com sucesso', 'authorization': 'Bearer eyJhbGciOiJIUzI1NiIsInR5cCI6IkpXVCJ9.eyJlbWFpbCI6Impvd2Vuc0BleGFtcGxlLm9yZyIsInBhc3N3b3JkIjoiNTQzMjEiLCJpYXQiOjE3NDQzMTM2NjEsImV4cCI6MTc0NDMxNDI2MX0.cpO7AYCKqWqqMPxa05VWNucS-TYeDNuI2FszFRfq29s'}, 'headers': {'content-length': '272', 'content-type': 'application/json; charset=utf-8'}, 'type': 'cors', 'statusText': 'OK', 'url': 'https://serverest.dev/login', 'ok': True, 'redirected': False}</msg>
<msg time="2025-04-10T16:34:21.681213" level="INFO">${resposta} = {'status': 200, 'body': {'message': 'Login realizado com sucesso', 'authorization': 'Bearer eyJhbGciOiJIUzI1NiIsInR5cCI6IkpXVCJ9.eyJlbWFpbCI6Impvd2Vuc0BleGFtcGxlLm9yZyIsInBhc3N3b3JkIjoiNTQzMjEiLCJpYXQ...</msg>
<var>${resposta}</var>
<arg>url=https://serverest.dev/login</arg>
<arg>method=POST</arg>
<arg>body={"email": "${EMAIL}","password": "54321"}</arg>
<tag>HTTP</tag>
<doc>Performs an HTTP request in the current browser context</doc>
<status status="PASS" start="2025-04-10T16:34:21.239004" elapsed="0.443208"/>
</kw>
<kw name="LocalStorage Set Item" owner="Browser">
<msg time="2025-04-10T16:34:21.687215" level="INFO">JavaScript executed successfully.</msg>
<arg>serverest/userEmail</arg>
<arg>${EMAIL}</arg>
<tag>PageContent</tag>
<tag>Setter</tag>
<doc>Save data to the local storage.</doc>
<status status="PASS" start="2025-04-10T16:34:21.682212" elapsed="0.006027"/>
</kw>
<kw name="LocalStorage Set Item" owner="Browser">
<msg time="2025-04-10T16:34:21.692214" level="INFO">JavaScript executed successfully.</msg>
<arg>serverest/userToken</arg>
<arg>${resposta["body"]["authorization"] }</arg>
<tag>PageContent</tag>
<tag>Setter</tag>
<doc>Save data to the local storage.</doc>
<status status="PASS" start="2025-04-10T16:34:21.688239" elapsed="0.003975"/>
</kw>
<kw name="LocalStorage Set Item" owner="Browser">
<msg time="2025-04-10T16:34:21.696212" level="INFO">JavaScript executed successfully.</msg>
<arg>serverest/userNome</arg>
<arg>Jessica Elisa</arg>
<tag>PageContent</tag>
<tag>Setter</tag>
<doc>Save data to the local storage.</doc>
<status status="PASS" start="2025-04-10T16:34:21.692214" elapsed="0.003998"/>
</kw>
<kw name="Go To" owner="Browser">
<msg time="2025-04-10T16:34:23.171402" level="INFO">Successfully opened URL https://front.serverest.dev/admin/home</msg>
<arg>url=https://front.serverest.dev/admin/home</arg>
<tag>BrowserControl</tag>
<tag>Setter</tag>
<doc>Navigates to the given ``url``.</doc>
<status status="PASS" start="2025-04-10T16:34:21.696212" elapsed="1.475190"/>
</kw>
<kw name="Take Screenshot" owner="Browser">
<msg time="2025-04-10T16:34:23.462237" level="INFO" html="true">&lt;/td&gt;&lt;/tr&gt;&lt;tr&gt;&lt;td colspan="3"&gt;&lt;a href="browser/screenshot/robotframework-browser-screenshot-1.png" target="_blank"&gt;&lt;img src="browser/screenshot/robotframework-browser-screenshot-1.png" width="800px"/&gt;&lt;/a&gt;</msg>
<tag>PageContent</tag>
<doc>Takes a screenshot of the current window or element and saves it to disk.</doc>
<status status="PASS" start="2025-04-10T16:34:23.172403" elapsed="0.291122"/>
</kw>
<status status="PASS" start="2025-04-10T16:34:21.237999" elapsed="2.225526"/>
</kw>
<kw name="Conferir usuário cadastrado com sucesso" owner="serve-rest-front">
<kw name="Wait For Elements State" owner="Browser">
<msg time="2025-04-10T16:34:23.486770" level="INFO">Waited for Element with selector h1 at state visible</msg>
<arg>h1</arg>
<arg>visible</arg>
<tag>PageContent</tag>
<tag>Wait</tag>
<doc>Waits for the element found by ``selector`` to satisfy state option.</doc>
<status status="PASS" start="2025-04-10T16:34:23.464916" elapsed="0.021854"/>
</kw>
<kw name="Get Text" owner="Browser">
<msg time="2025-04-10T16:34:23.509772" level="INFO">Text: 'Bem Vindo Jessica Elisa'</msg>
<arg>h1</arg>
<arg>==</arg>
<arg>Bem Vindo Jessica Elisa</arg>
<tag>Assertion</tag>
<tag>Getter</tag>
<tag>PageContent</tag>
<doc>Returns text attribute of the element found by ``selector``.</doc>
<status status="PASS" start="2025-04-10T16:34:23.487771" elapsed="0.022001"/>
</kw>
<kw name="Get Element States" owner="Browser">
<msg time="2025-04-10T16:34:23.543135" level="INFO">States are: ['attached', 'visible', 'enabled', 'editable', 'defocused']</msg>
<arg>css=button[data-testid="logout"]</arg>
<arg>validate</arg>
<arg>value &amp; visible</arg>
<tag>Assertion</tag>
<tag>Getter</tag>
<tag>PageContent</tag>
<doc>Get the active states from the element found by ``selector``.</doc>
<status status="PASS" start="2025-04-10T16:34:23.510790" elapsed="0.032345"/>
</kw>
<status status="PASS" start="2025-04-10T16:34:23.463525" elapsed="0.080629"/>
</kw>
<msg time="2025-04-10T16:34:23.548600" level="INFO">Set timeout to: 10000</msg>
<msg time="2025-04-10T16:34:23.553601" level="INFO">Switching context to context=7017dad0-e1a2-41c0-ac51-53f666ecb70e in CURRENT</msg>
<msg time="2025-04-10T16:34:23.565601" level="INFO">Successfully changed active context: context=7017dad0-e1a2-41c0-ac51-53f666ecb70e</msg>
<msg time="2025-04-10T16:34:23.570607" level="INFO">Switching browser to CURRENT</msg>
<msg time="2025-04-10T16:34:23.572605" level="INFO">Returned active browser id. CURRENT</msg>
<msg time="2025-04-10T16:34:23.572605" level="INFO">Switching browser to browser=3d386508-89ab-4d15-b021-cd40f9495ec8</msg>
<msg time="2025-04-10T16:34:23.574608" level="INFO">Successfully changed active browser: browser=3d386508-89ab-4d15-b021-cd40f9495ec8</msg>
<msg time="2025-04-10T16:34:23.574608" level="INFO">Switching context to CURRENT in CURRENT</msg>
<msg time="2025-04-10T16:34:23.578607" level="INFO">Returned active context id: CURRENT</msg>
<msg time="2025-04-10T16:34:23.578607" level="INFO">Switching context to context=7017dad0-e1a2-41c0-ac51-53f666ecb70e in CURRENT</msg>
<msg time="2025-04-10T16:34:23.586837" level="INFO">Successfully changed active context: context=7017dad0-e1a2-41c0-ac51-53f666ecb70e</msg>
<msg time="2025-04-10T16:34:23.631562" level="INFO">Successfully closed Context</msg>
<status status="PASS" start="2025-04-10T16:34:16.502003" elapsed="7.042151"/>
</test>
<status status="PASS" start="2025-04-10T16:34:15.844483" elapsed="7.789629"/>
</suite>
<statistics>
<total>
<stat pass="1" fail="0" skip="0">All Tests</stat>
</total>
<tag>
</tag>
<suite>
<stat name="Serve-Rest-Front" id="s1" pass="1" fail="0" skip="0">Serve-Rest-Front</stat>
</suite>
</statistics>
<errors>
</errors>
</robot>
