<?xml version="1.0" encoding="UTF-8"?>
<robot generator="Robot 7.2.2 (Python 3.11.9 on win32)" generated="2025-03-26T17:00:20.499262" rpa="false" schemaversion="5">
<suite id="s1" name="Tests" source="C:\Users\jessica.oliveira\OneDrive - Compass UOL\Documentos\Robot\Testes_com_playwrite\tests">
<suite id="s1-s1" name="Serve-Rest-Front" source="C:\Users\jessica.oliveira\OneDrive - Compass UOL\Documentos\Robot\Testes_com_playwrite\tests\serve-rest-front.robot">
<test id="s1-s1-t1" name="Listar usuários" line="12">
<kw name="Abrir o navegador" owner="serve-rest-front">
<kw name="New Browser" owner="Browser">
<msg time="2025-03-26T17:00:21.166085" level="INFO">{"browser": "chromium", "headless": false, "args": ["--start-maximized"], "chromiumSandbox": false, "devtools": false, "handleSIGHUP": true, "handleSIGINT": true, "handleSIGTERM": true, "slowMo": 0.0, "timeout": 30000.0, "tracesDir": "C:\\Users\\jessica.oliveira\\OneDrive - Compass UOL\\Documentos\\Robot\\Testes_com_playwrite\\results\\browser\\traces\\dfff29a5-35ff-4eb9-b5b8-01015b609d0d"}</msg>
<msg time="2025-03-26T17:00:21.216140" level="INFO">Starting Browser process C:\Users\jessica.oliveira\AppData\Local\Programs\Python\Python311\Lib\site-packages\Browser\wrapper\index.js using port 65414</msg>
<msg time="2025-03-26T17:00:21.217143" level="INFO">Node startup parameters: ['node', 'C:\\Users\\jessica.oliveira\\AppData\\Local\\Programs\\Python\\Python311\\Lib\\site-packages\\Browser\\wrapper\\index.js', '65414']</msg>
<msg time="2025-03-26T17:00:22.945978" level="INFO">Successfully created browser with options: {"browser":"chromium","headless":false,"args":["--start-maximized"],"chromiumSandbox":false,"devtools":false,"handleSIGHUP":true,"handleSIGINT":true,"handleSIGTERM":true,"slowMo":0,"timeout":30000,"tracesDir":"C:\\Users\\jessica.oliveira\\OneDrive - Compass UOL\\Documentos\\Robot\\Testes_com_playwrite\\results\\browser\\traces\\dfff29a5-35ff-4eb9-b5b8-01015b609d0d"}</msg>
<arg>browser=${BROWSER}</arg>
<arg>headless=${HEADLESS}</arg>
<arg>args=["--start-maximized"]</arg>
<tag>BrowserControl</tag>
<tag>Setter</tag>
<doc>Create a new playwright Browser with specified options.</doc>
<status status="PASS" start="2025-03-26T17:00:21.165093" elapsed="1.781890"/>
</kw>
<kw name="New Context" owner="Browser">
<msg time="2025-03-26T17:00:22.947978" level="INFO">{
  "acceptDownloads": true,
  "bypassCSP": false,
  "forcedColors": "none",
  "ignoreHTTPSErrors": false,
  "javaScriptEnabled": true,
  "offline": false,
  "reducedMotion": "no-preference",
  "serviceWorkers": "allow",
  "viewport": null
}</msg>
<msg time="2025-03-26T17:00:22.972980" level="INFO">Successfully created context. </msg>
<msg time="2025-03-26T17:00:22.972980" level="INFO">{'acceptDownloads': True, 'bypassCSP': False, 'forcedColors': 'none', 'ignoreHTTPSErrors': False, 'javaScriptEnabled': True, 'offline': False, 'reducedMotion': 'no-preference', 'serviceWorkers': 'allow', 'viewport': None}</msg>
<arg>viewport=${None}</arg>
<tag>BrowserControl</tag>
<tag>Setter</tag>
<doc>Create a new BrowserContext with specified options.</doc>
<status status="PASS" start="2025-03-26T17:00:22.946983" elapsed="0.025997"/>
</kw>
<status status="PASS" start="2025-03-26T17:00:21.165093" elapsed="1.807887"/>
</kw>
<kw name="Ir para o site Serve Rest Front" owner="serve-rest-front">
<kw name="New Page" owner="Browser">
<msg time="2025-03-26T17:00:26.675565" level="INFO">Successfully initialized new page object and opened url: https://front.serverest.dev</msg>
<arg>url=${SITE_SERVE_REST}</arg>
<tag>BrowserControl</tag>
<tag>Setter</tag>
<doc>Open a new Page.</doc>
<status status="PASS" start="2025-03-26T17:00:22.974979" elapsed="3.700586"/>
</kw>
<kw name="Get Title" owner="Browser">
<msg time="2025-03-26T17:00:26.692558" level="INFO">Title: 'Front - ServeRest'</msg>
<msg time="2025-03-26T17:00:26.692558" level="INFO">${title} = Front - ServeRest</msg>
<var>${title}</var>
<arg>==</arg>
<arg>Front - ServeRest</arg>
<tag>Assertion</tag>
<tag>Getter</tag>
<tag>PageContent</tag>
<doc>Returns the title of the current page.</doc>
<status status="PASS" start="2025-03-26T17:00:26.676554" elapsed="0.016004"/>
</kw>
<kw name="Log" owner="BuiltIn">
<msg time="2025-03-26T17:00:26.693558" level="INFO">Front - ServeRest</msg>
<arg>${title}</arg>
<doc>Logs the given message with the given level.</doc>
<status status="PASS" start="2025-03-26T17:00:26.693558" elapsed="0.000000"/>
</kw>
<status status="PASS" start="2025-03-26T17:00:22.973981" elapsed="3.719577"/>
</kw>
<kw name=" Logar com usuário e senha" owner="serve-rest-front">
<kw name="Fill Text" owner="Browser">
<msg time="2025-03-26T17:00:26.694558" level="INFO">Fills the text 'jessicateste@teste.com' in the given field.</msg>
<arg>css=input[data-testid="email"]</arg>
<arg>jessicateste@teste.com</arg>
<tag>PageContent</tag>
<tag>Setter</tag>
<doc>Clears and fills the given ``txt`` into the text field found by ``selector``.</doc>
<status status="PASS" start="2025-03-26T17:00:26.694558" elapsed="0.177592"/>
</kw>
<kw name="Fill Text" owner="Browser">
<msg time="2025-03-26T17:00:26.873148" level="INFO">Fills the text '12345' in the given field.</msg>
<arg>css=input[data-testid="senha"]</arg>
<arg>12345</arg>
<tag>PageContent</tag>
<tag>Setter</tag>
<doc>Clears and fills the given ``txt`` into the text field found by ``selector``.</doc>
<status status="PASS" start="2025-03-26T17:00:26.872150" elapsed="0.030019"/>
</kw>
<kw name="Click" owner="Browser">
<msg time="2025-03-26T17:00:26.903168" level="INFO">Clicks the element 'css=button[data-testid="entrar"]'.</msg>
<arg>css=button[data-testid="entrar"]</arg>
<tag>PageContent</tag>
<tag>Setter</tag>
<doc>Simulates mouse click on the element found by ``selector``.</doc>
<status status="PASS" start="2025-03-26T17:00:26.903168" elapsed="0.053064"/>
</kw>
<status status="PASS" start="2025-03-26T17:00:26.693558" elapsed="0.263674"/>
</kw>
<kw name="Abrir a lista de usuários" owner="serve-rest-front">
<kw name="Click" owner="Browser">
<msg time="2025-03-26T17:00:26.957232" level="INFO">Clicks the element 'css=a[data-testid="listarUsuarios"]'.</msg>
<arg>css=a[data-testid="listarUsuarios"]</arg>
<tag>PageContent</tag>
<tag>Setter</tag>
<doc>Simulates mouse click on the element found by ``selector``.</doc>
<status status="PASS" start="2025-03-26T17:00:26.957232" elapsed="1.404794"/>
</kw>
<kw name="Sleep" owner="BuiltIn">
<msg time="2025-03-26T17:00:33.362456" level="INFO">Slept 5 seconds.</msg>
<arg>5s</arg>
<doc>Pauses the test executed for the given time.</doc>
<status status="PASS" start="2025-03-26T17:00:28.362026" elapsed="5.000944"/>
</kw>
<kw name="Get Text" owner="Browser">
<msg time="2025-03-26T17:00:33.437121" level="INFO">Text: 'Lista dos usuários'</msg>
<arg>h1</arg>
<arg>==</arg>
<arg>Lista dos usuários</arg>
<tag>Assertion</tag>
<tag>Getter</tag>
<tag>PageContent</tag>
<doc>Returns text attribute of the element found by ``selector``.</doc>
<status status="PASS" start="2025-03-26T17:00:33.362970" elapsed="0.074151"/>
</kw>
<status status="PASS" start="2025-03-26T17:00:26.957232" elapsed="6.480868"/>
</kw>
<kw name="Verificar se existe o usuário &quot;Davi Rezende&quot;" owner="serve-rest-front">
<kw name="Get Text" owner="Browser">
<msg time="2025-03-26T17:00:33.490113" level="INFO">Text: "Lista dos usuários\n\nNome\tEmail\tSenha\tAdministrador\tAções\nDenivaldo\tperidias44@gmail.com\t895623Dd@\tfalse\t\nEditar\nExcluir\n\nFulano da Silva\tnuiy@emailteste.com\t1234\ttrue\t\nEditar\nExcluir\n\nJulia Stamm\tjulia-stamm-teste@tuamaeaquelaursa.com\tteste\tfalse\t\nEditar\nExcluir\n\nFulano da Silva\tyhqo@emailteste.com\t1234\ttrue\t\nEditar\nExcluir\n\nNormal User\tnormal_user@hotmail.com\ttest789\tfalse\t\nEditar\nExcluir\n\nMarquis\tEleanora.Denesik12@yahoo.com\tStY0GsAyhh_eBkk\ttrue\t\nEditar\nExcluir\n\nThanakin\tthanakin@deathstar.com\t798456123\ttrue\t\nEditar\nExcluir\n\nFernando Neves\tfernandoneves@qa.com.br\tteste123\ttrue\t\nEditar\nExcluir\n\nDavi Rezende\temanuella84@example.org\t(B4Jqr*r(8\ttrue\t\nEditar\nExcluir\n\nFulano da Silva\twszz@emailteste.com\t1234\ttrue\t\nEditar\nExcluir\n\nLeandro Claudio Pereira\tleandro1743018119873@gmail.com\t1743018119873\tfalse\t\nEditar\nExcluir\n\nFulano da Silva\txoiz@emailteste.com\t1234\ttrue\t\nEditar\nExcluir\n\nJessica Oliveira\tpbishop@example.com\t123456\ttrue\t\nEditar\nExcluir\n\nLorene Stark\tlorene-stark-teste@tuamaeaquelaursa.com\tteste\tfalse\t\nEditar\nExcluir\n\nFernando da arcanjo\tfernandoarcanjo@qa.com.br\tteste123\ttrue\t\nEditar\nExcluir\n\nJo Champlin\tjo-champlin-teste@tuamaeaquelaursa.com\tteste\ttrue\t\nEditar\nExcluir\n\nuser 48\tuser48@qa.com\tteste\ttrue\t\nEditar\nExcluir\n\nLynda Anderson\tlynda-anderson-teste@tuamaeaquelaursa.com\tteste\tfalse\t\nEditar\nExcluir\n\nJodi Kreiger\tjodikreiger@test.com\tTest;123\ttrue\t\nEditar\nExcluir\n\nCarol Gutmann\tcarol-gutmann-teste@tuamaeaquelaursa.com\tteste\tfalse\t\nEditar\nExcluir\n\nMrs. Helen Towne\tmrs.-helen-towne-teste@tuamaeaquelaursa.com\tteste\ttrue\t\nEditar\nExcluir\n\nFulano da Silva\tuzmx@emailteste.com\t1234\ttrue\t\nEditar\nExcluir\n\nUsu�rio de Teste\tpeixotomaria-eduarda@example.net\tv^7IqlsSf&amp;\ttrue\t\nEditar\nExcluir\n\nMaria Alice Siqueira\trrodrigues@example.org\t$QIwLVl)*0\ttrue\t\nEditar\nExcluir\n\nAna Cec�lia Ribeiro\tlorenzofogaca@example.net\t123456\ttrue\t\nEditar\nExcluir\n\nTest\ttest@test.com\t12345\ttrue\t\nEditar\nExcluir\n\nFulano da Silva\tcorw@emailteste.com\t1234\ttrue\t\nEditar\nExcluir\n\nRyan Alves\ttest@qa.com\tteste\ttrue\t\nEditar\nExcluir\n\nLorene Stark\tlorene-stark-teste@tuamaeaquelaursa.com\tteste\ttrue\t\nEditar\nExcluir\n\nKaique Gomes\ticavalcanti@example.net\tZKp4lC(mi&amp;\ttrue\t\nEditar\nExcluir\n\nThanakin\tthanakin@deathstar.space\t798456123\ttrue\t\nEditar\nExcluir\n\nPercy Murray\tpercy-murray-teste@tuamaeaquelaursa.com\tteste\ttrue\t\nEditar\nExcluir\n\nDra. Sofia Guerra\tjose96@example.org\t123456\ttrue\t\nEditar\nExcluir\n\nFulano da Silva\tacgr@emailteste.com\t1234\ttrue\t\nEditar\nExcluir\n\nJessica Oliveira\tmarvinramos@example.net\t123456\ttrue\t\nEditar\nExcluir\n\nLeandro Claudio Pereira\tleandro1743018440694@gmail.com\t1743018440694\tfalse\t\nEditar\nExcluir\n\nTestezinho Gaúcho\tandre.avitorino@extreme.digital\tTeste123\tfalse\t\nEditar\nExcluir\n\nBeulah Schuppe\tbeulah-schuppe-teste@tuamaeaquelaursa.com\tteste\tfalse\t\nEditar\nExcluir\n\nEric\tmccormickandrew@example.com\t12345\ttrue\t\nEditar\nExcluir\n\nUrban_Hegmann\tFranz10@hotmail.com\tVvIBueFLfKYVXV2\ttrue\t\nEditar\nExcluir\n\nJessica Oliveira\tleslie15@example.com\t123456\ttrue\t\nEditar\nExcluir\n\nJessica Oliveira\tjohn63@example.org\t123456\ttrue\t\nEditar\nExcluir\n\nFulano da Silva\tcmnv@emailteste.com\t1234\ttrue\t\nEditar\nExcluir\n\nTom Botsford\ttom-botsford-teste@tuamaeaquelaursa.com\tteste\tfalse\t\nEditar\nExcluir\n\nJessica Oliveira\tprivera@example.org\t123456\ttrue\t\nEditar\nExcluir\n\nTeste Exclusão\tusuario393760@teste.com\t123456\ttrue\t\nEditar\nExcluir\n\nHal.Bernier\tAlthea_Corkery91@hotmail.com\t479151060\ttrue\t\nEditar\nExcluir\n\nMelissa da Mata\ttda-paz@example.net\t123456\ttrue\t\nEditar\nExcluir\n\nFulano da Silva\tsnmq@emailteste.com\t1234\ttrue\t\nEditar\nExcluir\n\nBetsy Hartmann\tbetsy-hartmann-teste@tuamaeaquelaursa.com\tteste\tfalse\t\nEditar\nExcluir\n\nLeandro Claudio Pereira\tleandro1743018770351@gmail.com\t1743018770351\tfalse\t\nEditar\nExcluir\n\nMagdalen.Auer49\tAdaline_Labadie38@yahoo.com\teD2TpcmWJtShmQf\ttrue\t\nEditar\nExcluir\n\nTami White\ttamiwhite@test.com\tTest;123\ttrue\t\nEditar\nExcluir\n\nConstance Fadel\tconstance-fadel-teste@tuamaeaquelaursa.com\tteste\ttrue\t\nEditar\nExcluir\n\nMarguerite Kassulke\tmarguerite-kassulke-teste@tuamaeaquelaursa.com\tteste\tfalse\t\nEditar\nExcluir\n\nFulano da Silva\tjeaq@emailteste.com\t1234\ttrue\t\nEditar\nExcluir\n\nCreate User\tcreate_user@hotmail.com\ttest123\ttrue\t\nEditar\nExcluir\n\nAndré Farias\tportoyan@example.net\tPC7Was$(_W\ttrue\t\nEditar\nExcluir\n\nFreda Kuhic\tfreda-kuhic-teste@tuamaeaquelaursa.com\tteste\tfalse\t\nEditar\nExcluir\n\nCory Rowe\tcory-rowe-teste@tuamaeaquelaursa.com\tteste\tfalse\t\nEditar\nExcluir\n\nWinston Watsica DVM\twinston-watsica-dvm-teste@tuamaeaquelaursa.com\tteste\ttrue\t\nEditar\nExcluir\n\nMaria Danielly\tmantunes2@gmail.com\t123\ttrue\t\nEditar\nExcluir\n\nAlice Mendonça\traul84@example.net\td3MmuykM%K\ttrue\t\nEditar\nExcluir\n\nDuplicate User\tduplicate_user@hotmail.com\ttest123\tfalse\t\nEditar\nExcluir\n\nLeandro Claudio Pereira\tleandro1743017464318@gmail.com\t1743017464318\tfalse\t\nEditar\nExcluir\n\nMrs. Brittany Torp\tmrs.-brittany-torp-teste@tuamaeaquelaursa.com\tteste\tfalse\t\nEditar\nExcluir\n\nFulano da Silva\tpuge@emailteste.com\t1234\ttrue\t\nEditar\nExcluir\n\nJoaovitor\tjoaao@gmail.com\t88294179joao\tfalse\t\nEditar\nExcluir\n\nRaul Andrade\taragaojoao@example.org\t4I3#82FmhA\ttrue\t\nEditar\nExcluir\n\nJessica Oliveira\tsmcneil@example.org\t123456\ttrue\t\nEditar\nExcluir\n\nDr. Arthur Hessel\tdr.-arthur-hessel-teste@tuamaeaquelaursa.com\tteste\tfalse\t\nEditar\nExcluir\n\nEric\talicia63@example.com\t12345\ttrue\t\nEditar\nExcluir\n\nFulano da Silva\tkzdx@emailteste.com\t1234\ttrue\t\nEditar\nExcluir\n\nLeandro Claudio Pereira\tleandro1743018204293@gmail.com\t1743018204293\tfalse\t\nEditar\nExcluir\n\nTestezinho Gaucho\ttestegaucho@test.com\tTeste123\tfalse\t\nEditar\nExcluir\n\nHora do QA\thoradoqa@serverest.com\t1q2w3e4r\ttrue\t\nEditar\nExcluir\n\nJessica Oliveira\telizabethcarson@example.com\t123456\ttrue\t\nEditar\nExcluir\n\nMinnie Konopelski DDS\tminnie-konopelski-dds-teste@tuamaeaquelaursa.com\tteste\tfalse\t\nEditar\nExcluir\n\nJack Farrell\tjackfarrell@test.com\tTest;123\ttrue\t\nEditar\nExcluir\n\nJessica Oliveira\taustin26@example.org\t123456\ttrue\t\nEditar\nExcluir\n\nLeland O'Kon\tleland-o'kon-teste@tuamaeaquelaursa.com\tteste\tfalse\t\nEditar\nExcluir\n\nEric\tmacdonaldbrian@example.org\t12345\ttrue\t\nEditar\nExcluir\n\nRicky Schroeder I\tmackbarrows@test.com\tTest;123\ttrue\t\nEditar\nExcluir\n\nFulano da Silva\ttrkh@emailteste.com\t1234\ttrue\t\nEditar\nExcluir\n\njanaina\tjana@teste3.com\t1234\tfalse\t\nEditar\nExcluir\n\nLeandro Claudio Pereira\tleandro1743018613730@gmail.com\t1743018613730\tfalse\t\nEditar\nExcluir\n\nKristy Hudson\tkristy-hudson-teste@tuamaeaquelaursa.com\tteste\ttrue\t\nEditar\nExcluir\n\nMaurine_Doyle96\tJosh41@yahoo.com\t8ByWl0UxoLQNC36\ttrue\t\nEditar\nExcluir\n\nLeandro Claudio Pereira\tleandro1743018434499@gmail.com\t1743018434499\tfalse\t\nEditar\nExcluir\n\nSherry Hagenes\tsherryhagenes@test.com\tTest;123\tfalse\t\nEditar\nExcluir\n\nFulano da Silva\tauay@emailteste.com\t1234\ttrue\t\nEditar\nExcluir\n\nDixie_Rolfson\tChristine_Kuhlman23@gmail.com\t920051042\ttrue\t\nEditar\nExcluir\n\nMr. Randall Veum\tmr.-randall-veum-teste@tuamaeaquelaursa.com\tteste\tfalse\t\nEditar\nExcluir\n\nFulano da Silva\tpoit@emailteste.com\t1234\ttrue\t\nEditar\nExcluir\n\njana\tjanaa@teste.com\t12345\tfalse\t\nEditar\nExcluir\n\nFelecia Reinger\tnoella.stroman@yahoo.com\t123456\ttrue\t\nEditar\nExcluir\n\nFulano da Silva\tjhtj@emailteste.com\t1234\ttrue\t\nEditar\nExcluir\n\nMr. Eugene Lueilwitz\tmr.-eugene-lueilwitz-teste@tuamaeaquelaursa.com\tteste\tfalse\t\nEditar\nExcluir\n\nFulano da Silva\tjhgj@emailteste.com\t1234\ttrue\t\nEditar\nExcluir\n\nFulano da Silva\tjtjh@emailteste.com\t1234\ttrue\t\nEditar\nExcluir\n\nBilly Bayer\tbilly-bayer-teste@tuamaeaquelaursa.com\tteste\tfalse\t\nEditar\nExcluir\n\nHora do QA\thoradoqa2@serverest.com\t1q2w3e4r\ttrue\t\nEditar\nExcluir\n\nMrs. Bernadette Mitchell\tmrs.-bernadette-mitchell-teste@tuamaeaquelaursa.com\tteste\tfalse\t\nEditar\nExcluir\n\njanaina\tj1@teste.com\t1234\tfalse\t\nEditar\nExcluir\n\nTeste Automacao\tusuario116804@teste.com\t123456\ttrue\t\nEditar\nExcluir\n\nFulano da Silva\tyurw@emailteste.com\t1234\ttrue\t\nEditar\nExcluir\n\nFulano da Silva\tevtx@emailteste.com\t1234\ttrue\t\nEditar\nExcluir\n\nFulano da Silva\txner@emailteste.com\t1234\ttrue\t\nEditar\nExcluir\n\nUsuário Teste\tfulano@qa.com\tsenha123\ttrue\t\nEditar\nExcluir\n\nElena Johns\telena-johns-teste@tuamaeaquelaursa.com\tteste\tfalse\t\nEditar\nExcluir\n\nJulieann Leffler\tharley.farrell@hotmail.com\t123456\ttrue\t\nEditar\nExcluir\n\nFulano da Silva\tgmah@emailteste.com\t1234\ttrue\t\nEditar\nExcluir\n\nUsu�rio de Teste\tgael80@example.net\t++4GAFRhf+\ttrue\t\nEditar\nExcluir\n\nSrta. Ana Vit�ria Cunha\teloaalbuquerque@example.net\t123456\ttrue\t\nEditar\nExcluir\n\nClifford Pollich\tclifford-pollich-teste@tuamaeaquelaursa.com\tteste\tfalse\t\nEditar\nExcluir\n\nFulano da Silva\toepe@emailteste.com\t1234\ttrue\t\nEditar\nExcluir\n\nLeandro Claudio Pereira\tleandro1743017298915@gmail.com\t1743017298915\tfalse\t\nEditar\nExcluir\n\nSeth Bailey\tseth-bailey-teste@tuamaeaquelaursa.com\tteste\tfalse\t\nEditar\nExcluir\n\nTestezinho Gaucho\tteste.gaucho@test.com\ttest123\tfalse\t\nEditar\nExcluir\n\nFulano da Silva\tcwxy@emailteste.com\t1234\ttrue\t\nEditar\nExcluir\n\nLeandro Claudio Pereira\tleandro1743018297809@gmail.com\t1743018297809\tfalse\t\nEditar\nExcluir\n\nFulano da Silva\tamwi@emailteste.com\t1234\ttrue\t\nEditar\nExcluir\n\nFernando da vando\tfernandovando@qa.com.br\tteste123\ttrue\t\nEditar\nExcluir\n\nFulano da Silva\tstqu@emailteste.com\t1234\ttrue\t\nEditar\nExcluir\n\nFulano da Silva\tntnv@emailteste.com\t1234\ttrue\t\nEditar\nExcluir\n\nAl Rolfson\tal-rolfson-teste@tuamaeaquelaursa.com\tteste\tfalse\t\nEditar\nExcluir\n\njessicateste\tjessicateste@teste.com\t12345\ttrue\t\nEditar\nExcluir\n\nEric\tlynchmark@example.org\t12345\ttrue\t\nEditar\nExcluir\n\nLeandro Claudio Pereira\tleandro1743018159228@gmail.com\t1743018159228\tfalse\t\nEditar\nExcluir\n\nJessica Oliveira\tmaydustin@example.com\t123456\ttrue\t\nEditar\nExcluir\n\nInexistente\tinexistente@qa.com\t123\tfalse\t\nEditar\nExcluir\n\nUsu�rio de Teste\tcecilia93@example.org\t$%+4CI(7*n\ttrue\t\nEditar\nExcluir\n\nFulano da Silva\tbeltrano@qa.com.br\tteste\ttrue\t\nEditar\nExcluir\n\nJessica Oliveira\tcameronjones@example.org\t123456\ttrue\t\nEditar\nExcluir\n\nDaryl Kozey\tdaryl-kozey-teste@tuamaeaquelaursa.com\tteste\tfalse\t\nEditar\nExcluir\n\nJoshua Witting\tjoshua-witting-teste@tuamaeaquelaursa.com\tteste\tfalse\t\nEditar\nExcluir\n\nJessica Oliveira\tgwelch@example.net\t123456\ttrue\t\nEditar\nExcluir\n\nRegena\touida.murphy@hotmail.com\tbs9dl2iihs60mwv\ttrue\t\nEditar\nExcluir\n\nMr. Jeremiah Welch DDS\tmr.-jeremiah-welch-dds-teste@tuamaeaquelaursa.com\tteste\tfalse\t\nEditar\nExcluir\n\nLeandro Claudio Pereira\tleandro1743018302590@gmail.com\t1743018302590\tfalse\t\nEditar\nExcluir\n\nFulano da Silva\taqjb@emailteste.com\t1234\ttrue\t\nEditar\nExcluir\n\nFulano da Silva\tgivq@emailteste.com\t1234\ttrue\t\nEditar\nExcluir\n\nMalcolm.Mohr\tNola.Crist58@hotmail.com\tcERO0wZUhmNTJU2\ttrue\t\nEditar\nExcluir\n\nJessica Oliveira\tcopelandrhonda@example.net\t123456\ttrue\t\nEditar\nExcluir\n\nFulano da Silva\tddio@emailteste.com\t1234\ttrue\t\nEditar\nExcluir\n\nYong\tdale.rempel@hotmail.com\txnt64zguwzl9t\ttrue\t\nEditar\nExcluir\n\nJessica Oliveira\tgarciasarah@example.com\t123456\ttrue\t\nEditar\nExcluir\n\nJoana da Rosa\tasales@example.net\t5_6E1PPcI7\ttrue\t\nEditar\nExcluir\n\nAngelina Emmerich\tangelinaemmerich@test.com\tTest;123\ttrue\t\nEditar\nExcluir\n\njana\tjana@teste2.com\t1234\tfalse\t\nEditar\nExcluir\n\nFulano da Silva\twcon@emailteste.com\t1234\ttrue\t\nEditar\nExcluir\n\nIsis Campos\tisantos@example.com\t!*kmPzDm+3\ttrue\t\nEditar\nExcluir\n\nFulano da Silva\towgd@emailteste.com\t1234\ttrue\t\nEditar\nExcluir\n\nEric\tuprice@example.net\t12345\ttrue\t\nEditar\nExcluir\n\nFulano da Silva\tmaster_user@qa.com\tteste\ttrue\t\nEditar\nExcluir\n\nJoão das Neves\tnarutinho123@email.com\t123\ttrue\t\nEditar\nExcluir\n\nJessica Oliveira\tchelseadecker@example.com\t123456\ttrue\t\nEditar\nExcluir\n\nJody Littel\tjody-littel-teste@tuamaeaquelaursa.com\tteste\tfalse\t\nEditar\nExcluir\n\nFulano da Silva\tgvva@emailteste.com\t1234\ttrue\t\nEditar\nExcluir\n\nTestezinho Gaucho\ttestegaucho@teste.com\tTest123\tfalse\t\nEditar\nExcluir\n\nLeandro Claudio Pereira\tleandro1743018807153@gmail.com\t1743018807153\tfalse\t\nEditar\nExcluir\n\nSylvia Powlowski II\tsylvia-powlowski-ii-teste@tuamaeaquelaursa.com\tteste\tfalse\t\nEditar\nExcluir\n\nEric\tkingsamantha@example.net\t12345\ttrue\t\nEditar\nExcluir\n\nRafa QA\trafa@qa.com.br\tteste\ttrue\t\nEditar\nExcluir\n\nkaio\tk@gmail.com\t123\tfalse\t\nEditar\nExcluir\n\nQA Web\tqa@io.com\t123\ttrue\t\nEditar\nExcluir\n\nConstance Fadel\tconstance-fadel-teste@tuamaeaquelaursa.com\tteste\tfalse\t\nEditar\nExcluir\n\nLeandro Claudio Pereira\tleandro1743014585325@gmail.com\t1743014585325\tfalse\t\nEditar\nExcluir\n\nFulano da Silva\tgxiu@emailteste.com\t1234\ttrue\t\nEditar\nExcluir\n\nJessica Oliveira\tvalerienguyen@example.org\t123456\ttrue\t\nEditar\nExcluir\n\nMrs. Helen Towne\tmrs.-helen-towne-teste@tuamaeaquelaursa.com\tteste\tfalse\t\nEditar\nExcluir\n\njana\tjana@teste4.com\t1234\tfalse\t\nEditar\nExcluir\n\nJessica Oliveira\tshawnbridges@example.net\t123456\ttrue\t\nEditar\nExcluir\n\nFulano da Silva\tlswf@emailteste.com\t1234\ttrue\t\nEditar\nExcluir\n\nFulano da Silva\tdymn@emailteste.com\t1234\ttrue\t\nEditar\nExcluir\n\nFulano da Silva\tmbwc@emailteste.com\t1234\ttrue\t\nEditar\nExcluir\n\nDarlene Tremblay-Purdy\tdarlene-tremblay-purdy-teste@tuamaeaquelaursa.com\tteste\tfalse\t\nEditar\nExcluir\n\nFulano da Silva\trhkv@emailteste.com\t1234\ttrue\t\nEditar\nExcluir\n\nAlice Souza\tcaleb78@example.com\t)7T+Ehug(u\ttrue\t\nEditar\nExcluir\n\nMaria Luísa Sá\thgomes@example.org\t(L1IxunSor\ttrue\t\nEditar\nExcluir\n\nFulano da Silva\twgjr@emailteste.com\t1234\ttrue\t\nEditar\nExcluir\n\nVirginia Reichel\tvirginiareichel@test.com\tTest;123\tfalse\t\nEditar\nExcluir\n\nSilva\ttimao@qa.com\tteste\ttrue\t\nEditar\nExcluir\n\nMr. Jeremiah Welch DDS\tmr.-jeremiah-welch-dds-teste@tuamaeaquelaursa.com\tteste\ttrue\t\nEditar\nExcluir\n\nAlexia Farias\tana-julia04@example.org\ty6(8Z_5crG\ttrue\t\nEditar\nExcluir\n\nFulano da Silva\tsilo@qa.com.br\tteste\ttrue\t\nEditar\nExcluir\n\nLeandro Claudio Pereira\tleandro1743018545745@gmail.com\t1743018545745\tfalse\t\nEditar\nExcluir\n\nClarissa_Barrows\tKen_Beahan33@hotmail.com\tGwCsm3l_TerboTx\ttrue\t\nEditar\nExcluir\n\nAdmin User\tadmin_user@hotmail.com\ttest456\ttrue\t\nEditar\nExcluir\n\nDr. Ira O'Connell\tdr.-ira-o'connell-teste@tuamaeaquelaursa.com\tteste\tfalse\t\nEditar\nExcluir\n\nJessica Oliveira\tmatthew43@example.net\t123456\ttrue\t\nEditar\nExcluir\n\nTony Schuster\ttony-schuster-teste@tuamaeaquelaursa.com\tteste\ttrue\t\nEditar\nExcluir\n\nPatti Rolfson\tpatti-rolfson-teste@tuamaeaquelaursa.com\tteste\ttrue\t\nEditar\nExcluir\n\nRafael\tqatest@qa.com.br\tteste123\ttrue\t\nEditar\nExcluir\n\nUsu�rio de Teste\tayllacorreia@example.com\t@T9Q6rDkTl\ttrue\t\nEditar\nExcluir\n\nJonathon Ferry\tjonathon-ferry-teste@tuamaeaquelaursa.com\tteste\ttrue\t\nEditar\nExcluir\n\nEric\tlaura03@example.net\t12345\ttrue\t\nEditar\nExcluir\n\nJosé Miguel Marques\tvieiracecilia@example.org\tv+mX5ZDlB6\ttrue\t\nEditar\nExcluir\n\nLeandro Claudio Pereira\tleandro1743018847471@gmail.com\t1743018847471\tfalse\t\nEditar\nExcluir\n\nCiclano da Silva\t123@qa.com.br\tteste\ttrue\t\nEditar\nExcluir\n\nFulano da Silva\tliwv@emailteste.com\t1234\ttrue\t\nEditar\nExcluir\n\nFulano da Silva\tbeltrano2@qa.com.br\tteste\ttrue\t\nEditar\nExcluir\n\nMrs. Misty Franey\tmrs.-misty-franey-teste@tuamaeaquelaursa.com\tteste\tfalse\t\nEditar\nExcluir\n\nIgor Caldeira\tribeirobianca@example.com\tf4KHxg9A%f\ttrue\t\nEditar\nExcluir\n\ntestezinho bgaucho\ttestezinhogaucho@test.com\tteste123\tfalse\t\nEditar\nExcluir\n\nJonathon Ferry\tjonathon-ferry-teste@tuamaeaquelaursa.com\tteste\tfalse\t\nEditar\nExcluir\n\nLeandro Claudio Pereira\tleandro1743018446583@gmail.com\t1743018446583\tfalse\t\nEditar\nExcluir\n\nIsis Freitas\tlevida-costa@example.org\t%a8xIDZIb3\ttrue\t\nEditar\nExcluir\n\nBernardo Vasconcelos\tjoanacaldeira@example.org\tC6aZHDwh^@\ttrue\t\nEditar\nExcluir\n\nLeandro Claudio Pereira\tleandro1743017404586@gmail.com\t1743017404586\tfalse\t\nEditar\nExcluir\n\nDr. Patrick Murazik\tdr.-patrick-murazik-teste@tuamaeaquelaursa.com\tteste\tfalse\t\nEditar\nExcluir\n\neric\tericgenovez@teste.com\t1234\ttrue\t\nEditar\nExcluir\n\nTeste Automacao\tusuario101173@teste.com\t123456\ttrue\t\nEditar\nExcluir\n\nEric\tsmartinez@example.org\t12345\ttrue\t\nEditar\nExcluir\n\njana\tjana@teste.com\t12345\ttrue\t\nEditar\nExcluir"</msg>
<msg time="2025-03-26T17:00:33.492119" level="INFO">${todas_as_celulas} = Lista dos usuários

Nome	Email	Senha	Administrador	Ações
Denivaldo	peridias44@gmail.com	895623Dd@	false	
Editar
Excluir

Fulano da Silva	nuiy@emailteste.com	1234	true	
Editar
Excluir

Julia Stamm	juli...</msg>
<var>${todas_as_celulas}</var>
<arg>xpath=//div[@class='jumbotron']</arg>
<tag>Assertion</tag>
<tag>Getter</tag>
<tag>PageContent</tag>
<doc>Returns text attribute of the element found by ``selector``.</doc>
<status status="PASS" start="2025-03-26T17:00:33.439110" elapsed="0.053009"/>
</kw>
<kw name="Should Contain" owner="BuiltIn">
<arg>${todas_as_celulas}</arg>
<arg>Davi Rezende</arg>
<doc>Fails if ``container`` does not contain ``item`` one or more times.</doc>
<status status="PASS" start="2025-03-26T17:00:33.492119" elapsed="0.000998"/>
</kw>
<status status="PASS" start="2025-03-26T17:00:33.439110" elapsed="0.054007"/>
</kw>
<msg time="2025-03-26T17:00:33.502114" level="INFO">Set timeout to: 10000</msg>
<msg time="2025-03-26T17:00:33.513122" level="INFO">Switching context to context=c06ba80b-efbf-4bef-b40e-c5c06d5d8aa6 in CURRENT</msg>
<msg time="2025-03-26T17:00:33.531691" level="INFO">Successfully changed active context: context=c06ba80b-efbf-4bef-b40e-c5c06d5d8aa6</msg>
<msg time="2025-03-26T17:00:33.539775" level="INFO">Switching browser to CURRENT</msg>
<msg time="2025-03-26T17:00:33.544791" level="INFO">Returned active browser id. CURRENT</msg>
<msg time="2025-03-26T17:00:33.544791" level="INFO">Switching browser to browser=58513e11-60e5-4e24-9ad2-dae870a0832a</msg>
<msg time="2025-03-26T17:00:33.548769" level="INFO">Successfully changed active browser: browser=58513e11-60e5-4e24-9ad2-dae870a0832a</msg>
<msg time="2025-03-26T17:00:33.549777" level="INFO">Switching context to CURRENT in CURRENT</msg>
<msg time="2025-03-26T17:00:33.554775" level="INFO">Returned active context id: CURRENT</msg>
<msg time="2025-03-26T17:00:33.555776" level="INFO">Switching context to context=c06ba80b-efbf-4bef-b40e-c5c06d5d8aa6 in CURRENT</msg>
<msg time="2025-03-26T17:00:33.571758" level="INFO">Successfully changed active context: context=c06ba80b-efbf-4bef-b40e-c5c06d5d8aa6</msg>
<msg time="2025-03-26T17:00:33.678741" level="INFO">Successfully closed Context</msg>
<status status="PASS" start="2025-03-26T17:00:21.163086" elapsed="12.331029"/>
</test>
<status status="PASS" start="2025-03-26T17:00:20.536741" elapsed="13.144000"/>
</suite>
<status status="PASS" start="2025-03-26T17:00:20.503263" elapsed="13.183477"/>
</suite>
<statistics>
<total>
<stat pass="1" fail="0" skip="0">All Tests</stat>
</total>
<tag>
</tag>
<suite>
<stat name="Tests" id="s1" pass="1" fail="0" skip="0">Tests</stat>
<stat name="Serve-Rest-Front" id="s1-s1" pass="1" fail="0" skip="0">Tests.Serve-Rest-Front</stat>
</suite>
</statistics>
<errors>
</errors>
</robot>
